**********************
Windows PowerShell transcript start
Start time: 20180420153055
Username: FHLBDM\techbb
RunAs User: FHLBDM\techbb
Machine: SQLTEST2016 (Microsoft Windows NT 6.2.9200.0)
Host Application: C:\Windows\System32\WindowsPowerShell\v1.0\powershell_ise.exe \\pfs02\sqlbackup\Multiple DB Backups.ps1
Process ID: 16536
**********************
Transcript started, output file is \\pfs02\sqlbackup\MultipleDB_dfhlbdmsql07.log
CommunityInvestment_ODS is being backedup
Checking Drive Space...
There's 635.36 GB (31.77 %) free on \\fhlbdm.com\sqlbackup\sqlbackup
Backed up CommunityInvestment_ODS (dfhlbdmsql07) to \\pfs02\sqlbackup\dfhlbdmsql07\SQL\CommunityInvestment_ODS_2018-04-20-153102_PSMAN_techbb.bak
2018-04-20T15:31:22.1133122-05:00 Backup of database for CommunityInvestment_ODS completed successfully.
Removed all previous backups older than 8 days
Have a Nice Day!
CommunityInvestment_ODS_Demo1 is being backedup
Checking Drive Space...
There's 635.36 GB (31.77 %) free on \\fhlbdm.com\sqlbackup\sqlbackup
Backed up CommunityInvestment_ODS_Demo1 (dfhlbdmsql07) to \\pfs02\sqlbackup\dfhlbdmsql07\SQL\CommunityInvestment_ODS_Demo1_2018-04-20-153208_PSMAN_techbb.bak
2018-04-20T15:32:47.6070078-05:00 Backup of database for CommunityInvestment_ODS_Demo1 completed successfully.
Removed all previous backups older than 8 days
Have a Nice Day!
dCORE is being backedup
Checking Drive Space...
There's 635.36 GB (31.77 %) free on \\fhlbdm.com\sqlbackup\sqlbackup
Backed up dCORE (dfhlbdmsql07) to \\pfs02\sqlbackup\dfhlbdmsql07\SQL\dCORE_2018-04-20-153417_PSMAN_techbb.bak
2018-04-20T15:35:15.8076077-05:00 Backup of database for dCORE completed successfully.
Removed all previous backups older than 8 days
Have a Nice Day!
dCTLFW is being backedup
Checking Drive Space...
There's 635.35 GB (31.77 %) free on \\fhlbdm.com\sqlbackup\sqlbackup
Backed up dCTLFW (dfhlbdmsql07) to \\pfs02\sqlbackup\dfhlbdmsql07\SQL\dCTLFW_2018-04-20-153731_PSMAN_techbb.bak
2018-04-20T15:38:50.0100535-05:00 Backup of database for dCTLFW completed successfully.
Removed all previous backups older than 8 days
Have a Nice Day!
Dejan_InfoCheck is being backedup
Checking Drive Space...
There's 635.26 GB (31.76 %) free on \\fhlbdm.com\sqlbackup\sqlbackup
Backed up Dejan_InfoCheck (dfhlbdmsql07) to \\pfs02\sqlbackup\dfhlbdmsql07\SQL\Dejan_InfoCheck_2018-04-20-154153_PSMAN_techbb.bak
2018-04-20T15:43:30.9666374-05:00 Backup of database for Dejan_InfoCheck completed successfully.
Removed all previous backups older than 8 days
Have a Nice Day!
Dejan_InfoGov is being backedup
Checking Drive Space...
There's 635.25 GB (31.76 %) free on \\fhlbdm.com\sqlbackup\sqlbackup
Backed up Dejan_InfoGov (dfhlbdmsql07) to \\pfs02\sqlbackup\dfhlbdmsql07\SQL\Dejan_InfoGov_2018-04-20-154724_PSMAN_techbb.bak
2018-04-20T15:49:21.2794007-05:00 Backup of database for Dejan_InfoGov completed successfully.
Removed all previous backups older than 8 days
Have a Nice Day!
dMerger_XML_Utility is being backedup
Checking Drive Space...
There's 635.25 GB (31.76 %) free on \\fhlbdm.com\sqlbackup\sqlbackup
Backed up dMerger_XML_Utility (dfhlbdmsql07) to \\pfs02\sqlbackup\dfhlbdmsql07\SQL\dMerger_XML_Utility_2018-04-20-155407_PSMAN_techbb.bak
2018-04-20T15:56:23.5751290-05:00 Backup of database for dMerger_XML_Utility completed successfully.
Removed all previous backups older than 8 days
Have a Nice Day!
dPSTG is being backedup
Checking Drive Space...
There's 635.25 GB (31.76 %) free on \\fhlbdm.com\sqlbackup\sqlbackup
Backed up dPSTG (dfhlbdmsql07) to \\pfs02\sqlbackup\dfhlbdmsql07\SQL\dPSTG_2018-04-20-160204_PSMAN_techbb.bak
2018-04-20T16:04:40.1724566-05:00 Backup of database for dPSTG completed successfully.
Removed all previous backups older than 8 days
Have a Nice Day!
DQS_MAIN is being backedup
Checking Drive Space...
There's 635.19 GB (31.76 %) free on \\fhlbdm.com\sqlbackup\sqlbackup
Backed up DQS_MAIN (dfhlbdmsql07) to \\pfs02\sqlbackup\dfhlbdmsql07\SQL\DQS_MAIN_2018-04-20-161118_PSMAN_techbb.bak
2018-04-20T16:14:13.1320551-05:00 Backup of database for DQS_MAIN completed successfully.
Removed all previous backups older than 8 days
Have a Nice Day!
DQS_PROJECTS is being backedup
Checking Drive Space...
There's 635.17 GB (31.76 %) free on \\fhlbdm.com\sqlbackup\sqlbackup
Backed up DQS_PROJECTS (dfhlbdmsql07) to \\pfs02\sqlbackup\dfhlbdmsql07\SQL\DQS_PROJECTS_2018-04-20-162150_PSMAN_techbb.bak
2018-04-20T16:24:18.9149983-05:00 Backup of database for DQS_PROJECTS completed successfully.
Removed all previous backups older than 8 days
Have a Nice Day!
DQS_STAGING_DATA is being backedup
Checking Drive Space...
There's 635.17 GB (31.76 %) free on \\fhlbdm.com\sqlbackup\sqlbackup
Backed up DQS_STAGING_DATA (dfhlbdmsql07) to \\pfs02\sqlbackup\dfhlbdmsql07\SQL\DQS_STAGING_DATA_2018-04-20-163257_PSMAN_techbb.bak
2018-04-20T16:36:31.4509369-05:00 Backup of database for DQS_STAGING_DATA completed successfully.
Removed all previous backups older than 8 days
Have a Nice Day!
dSeattleHub is being backedup
Checking Drive Space...
There's 635.16 GB (31.76 %) free on \\fhlbdm.com\sqlbackup\sqlbackup
Backed up dSeattleHub (dfhlbdmsql07) to \\pfs02\sqlbackup\dfhlbdmsql07\SQL\dSeattleHub_2018-04-20-164614_PSMAN_techbb.bak
2018-04-20T16:50:07.1820615-05:00 Backup of database for dSeattleHub completed successfully.
Removed all previous backups older than 8 days
Have a Nice Day!
dSTG is being backedup
Checking Drive Space...
There's 635.16 GB (31.76 %) free on \\fhlbdm.com\sqlbackup\sqlbackup
Backed up dSTG (dfhlbdmsql07) to \\pfs02\sqlbackup\dfhlbdmsql07\SQL\dSTG_2018-04-20-170056_PSMAN_techbb.bak
2018-04-20T17:05:08.8689276-05:00 Backup of database for dSTG completed successfully.
Removed all previous backups older than 8 days
Have a Nice Day!
EDW_Demo is being backedup
Checking Drive Space...
There's 635.16 GB (31.76 %) free on \\fhlbdm.com\sqlbackup\sqlbackup
Backed up EDW_Demo (dfhlbdmsql07) to \\pfs02\sqlbackup\dfhlbdmsql07\SQL\EDW_Demo_2018-04-20-171706_PSMAN_techbb.bak
2018-04-20T17:21:38.3039895-05:00 Backup of database for EDW_Demo completed successfully.
Removed all previous backups older than 8 days
Have a Nice Day!
EncryptTest is being backedup
Checking Drive Space...
There's 635.15 GB (31.76 %) free on \\fhlbdm.com\sqlbackup\sqlbackup
Backed up EncryptTest (dfhlbdmsql07) to \\pfs02\sqlbackup\dfhlbdmsql07\SQL\EncryptTest_2018-04-20-173446_PSMAN_techbb.bak
2018-04-20T17:39:37.8098007-05:00 Backup of database for EncryptTest completed successfully.
Removed all previous backups older than 8 days
Have a Nice Day!
HUB_DCDemo is being backedup
Checking Drive Space...
There's 635.15 GB (31.76 %) free on \\fhlbdm.com\sqlbackup\sqlbackup
Backed up HUB_DCDemo (dfhlbdmsql07) to \\pfs02\sqlbackup\dfhlbdmsql07\SQL\HUB_DCDemo_2018-04-20-175359_PSMAN_techbb.bak
2018-04-20T17:59:11.1775977-05:00 Backup of database for HUB_DCDemo completed successfully.
Removed all previous backups older than 8 days
Have a Nice Day!
InfoGov_Test is being backedup
Checking Drive Space...
There's 634.88 GB (31.74 %) free on \\fhlbdm.com\sqlbackup\sqlbackup
Backed up InfoGov_Test (dfhlbdmsql07) to \\pfs02\sqlbackup\dfhlbdmsql07\SQL\InfoGov_Test_2018-04-20-181447_PSMAN_techbb.bak
2018-04-20T18:20:17.6451023-05:00 Backup of database for InfoGov_Test completed successfully.
Removed all previous backups older than 8 days
Have a Nice Day!
MasterDataServicesDB is being backedup
Checking Drive Space...
There's 634.88 GB (31.74 %) free on \\fhlbdm.com\sqlbackup\sqlbackup
Backed up MasterDataServicesDB (dfhlbdmsql07) to \\pfs02\sqlbackup\dfhlbdmsql07\SQL\MasterDataServicesDB_2018-04-20-183711_PSMAN_techbb.bak
2018-04-20T18:43:00.9307567-05:00 Backup of database for MasterDataServicesDB completed successfully.
Removed all previous backups older than 8 days
Have a Nice Day!
PerfDB is being backedup
Checking Drive Space...
There's 634.88 GB (31.74 %) free on \\fhlbdm.com\sqlbackup\sqlbackup
Backed up PerfDB (dfhlbdmsql07) to \\pfs02\sqlbackup\dfhlbdmsql07\SQL\PerfDB_2018-04-20-190114_PSMAN_techbb.bak
2018-04-20T19:07:23.7482396-05:00 Backup of database for PerfDB completed successfully.
Removed all previous backups older than 8 days
Have a Nice Day!
TestDB is being backedup
Checking Drive Space...
There's 634.88 GB (31.74 %) free on \\fhlbdm.com\sqlbackup\sqlbackup
Backed up TestDB (dfhlbdmsql07) to \\pfs02\sqlbackup\dfhlbdmsql07\SQL\TestDB_2018-04-20-192659_PSMAN_techbb.bak
2018-04-20T19:33:28.0918197-05:00 Backup of database for TestDB completed successfully.
Removed all previous backups older than 8 days
Have a Nice Day!
zHub is being backedup
Checking Drive Space...
There's 634.88 GB (31.74 %) free on \\fhlbdm.com\sqlbackup\sqlbackup
Backed up zHub (dfhlbdmsql07) to \\pfs02\sqlbackup\dfhlbdmsql07\SQL\zHub_2018-04-20-195428_PSMAN_techbb.bak
2018-04-20T20:01:16.8904658-05:00 Backup of database for zHub completed successfully.
Removed all previous backups older than 8 days
Have a Nice Day!
zHubCore is being backedup
Checking Drive Space...
There's 572.67 GB (28.63 %) free on \\fhlbdm.com\sqlbackup\sqlbackup
Backed up zHubCore (dfhlbdmsql07) to \\pfs02\sqlbackup\dfhlbdmsql07\SQL\zHubCore_2018-04-20-202344_PSMAN_techbb.bak
2018-04-20T20:30:51.6017653-05:00 Backup of database for zHubCore completed successfully.
Removed all previous backups older than 8 days
Have a Nice Day!
zHubStaging is being backedup
Checking Drive Space...
There's 582.11 GB (29.11 %) free on \\fhlbdm.com\sqlbackup\sqlbackup
Backed up zHubStaging (dfhlbdmsql07) to \\pfs02\sqlbackup\dfhlbdmsql07\SQL\zHubStaging_2018-04-20-205447_PSMAN_techbb.bak
2018-04-20T21:02:14.2396529-05:00 Backup of database for zHubStaging completed successfully.
Removed all previous backups older than 8 days
Have a Nice Day!
zHUBTests is being backedup
Checking Drive Space...
There's 582.11 GB (29.11 %) free on \\fhlbdm.com\sqlbackup\sqlbackup
Backed up zHUBTests (dfhlbdmsql07) to \\pfs02\sqlbackup\dfhlbdmsql07\SQL\zHUBTests_2018-04-20-212743_PSMAN_techbb.bak
2018-04-20T21:35:29.2178029-05:00 Backup of database for zHUBTests completed successfully.
Removed all previous backups older than 8 days
Have a Nice Day!
Transcript stopped, output file is C:\db_mgmt\log\psman\LastBackup.log
