**********************
Windows PowerShell transcript start
Start time: 20180426104837
Username: FHLBDM\techbb
RunAs User: FHLBDM\techbb
Machine: SQLTEST2016 (Microsoft Windows NT 6.2.9200.0)
Host Application: C:\Windows\system32\WindowsPowerShell\v1.0\PowerShell_ISE.exe
Process ID: 11972
**********************
Transcript started, output file is N:\Projects_\at-work\Multiple DB Backup and Drop\MultipleDB_Dropped_Ufhlbdmsql07.log
Hub is being backedup
Checking Drive Space...
There's 674.99 GB (33.75 %) free on \\fhlbdm.com\sqlbackup\sqlbackup
Backed up Hub (Ufhlbdmsql07) to \\pfs02\sqlbackup\Ufhlbdmsql07\SQL\Hub_2018-04-26-104843_PSMAN_techbb.bak
2018-04-26T11:07:38.4262695-05:00 Backup of database for Hub completed successfully.
Removed all previous backups older than 8 days
Have a Nice Day!
HubPersistent is being backedup
Checking Drive Space...
There's 631.35 GB (31.57 %) free on \\fhlbdm.com\sqlbackup\sqlbackup
2018-04-26T11:10:17.5416444-05:00 Error during executing backup of database HubPersistent on database source server Ufhlbdmsql07:  Exception calling "SqlBackup" with "1" argument(s): "Backup fa
iled for Server 'Ufhlbdmsql07'. "
Removed all previous backups older than 8 days
Have a Nice Day!
Transcript stopped, output file is C:\db_mgmt\log\psman\LastBackup.log
Checking Drive Space...
There's 665.02 GB (33.25 %) free on \\fhlbdm.com\sqlbackup\sqlbackup


Exception             : System.Management.Automation.MethodInvocationException: Exception
                        calling "SqlBackup" with "1" argument(s): "Backup failed for
                        Server 'Ufhlbdmsql07'. " --->
                        Microsoft.SqlServer.Management.Smo.FailedOperationException:
                        Backup failed for Server 'Ufhlbdmsql07'.  --->
                        Microsoft.SqlServer.Management.Smo.SmoException:
                        System.Data.SqlClient.SqlError: Write on "\\pfs02\sqlbackup\Ufhlbd
                        msql07\SQL\HubPersistent_2018-04-26-110821_PSMAN_techbb.bak"
                        failed: 53(The network path was not found.)
                           at Microsoft.SqlServer.Management.Smo.ExecutionManager.ExecuteN
                        onQueryWithMessage(StringCollection queries,
                        ServerMessageEventHandler dbccMessageHandler, Boolean
                        errorsAsMessages, Boolean retry)
                           at Microsoft.SqlServer.Management.Smo.BackupRestoreBase.Execute
                        Sql(Server server, StringCollection queries)
                           at Microsoft.SqlServer.Management.Smo.Backup.SqlBackup(Server
                        srv)
                           --- End of inner exception stack trace ---
                           at Microsoft.SqlServer.Management.Smo.Backup.SqlBackup(Server
                        srv)
                           at CallSite.Target(Closure , CallSite , Object , Object )
                           --- End of inner exception stack trace ---
                           at System.Management.Automation.ExceptionHandlingOps.CheckActio
                        nPreference(FunctionContext funcContext, Exception exception)
                           at System.Management.Automation.Interpreter.ActionCallInstructi
                        on`2.Run(InterpretedFrame frame)
                           at System.Management.Automation.Interpreter.EnterTryCatchFinall
                        yInstruction.Run(InterpretedFrame frame)
                           at System.Management.Automation.Interpreter.EnterTryCatchFinall
                        yInstruction.Run(InterpretedFrame frame)
TargetObject          :
CategoryInfo          : NotSpecified: (:) [], MethodInvocationException
FullyQualifiedErrorId : FailedOperationException
ErrorDetails          :
InvocationInfo        : System.Management.Automation.InvocationInfo
ScriptStackTrace      : at <ScriptBlock>, N:\Projects_\at-work\Multiple DB Backup and
                        Drop\BACKUPDB1-FC.ps1: line 85
                        at <ScriptBlock>, N:\Projects_\at-work\Multiple DB Backup and
                        Drop\Multiple DB Backups_uat.ps1: line 8
                        at <ScriptBlock>, N:\Projects_\at-work\Multiple DB Backup and
                        Drop\Multiple DB Backups_uat.ps1: line 6
PipelineIterationInfo : {}
PSMessageDetails      :



Backed up HubPersistent (ufhlbdmsql07) to \\pfs02\sqlbackup\ufhlbdmsql07\SQL\HubPersistent
_2018-04-26-111747_PSMAN_techbb.bak
2018-04-26T11:42:55.8152997-05:00 Backup of database for HubPersistent completed successfu
lly.
Removed all previous backups older than 8 days
Have a Nice Day!
