**********************
Windows PowerShell transcript start
Start time: 20180426104723
Username: FHLBDM\techbb
RunAs User: FHLBDM\techbb
Machine: SQLTEST2016 (Microsoft Windows NT 6.2.9200.0)
Host Application: C:\Windows\system32\WindowsPowerShell\v1.0\PowerShell_ISE.exe
Process ID: 13916
**********************
Transcript started, output file is N:\Projects_\at-work\Multiple DB Backup and Drop\MultipleDB_Dropped_Tfhlbdmsql07.log
Hub is being backedup
Checking Drive Space...
There's 690.70 GB (34.54 %) free on \\fhlbdm.com\sqlbackup\sqlbackup


Errors                      : {At N:\Projects_\at-work\Multiple DB Backup and Drop\Multiple DB Backups.ps1:6 char:11
                              + $DBNames|%{
                              +           ~
                              Missing closing '}' in statement block.}
Message                     : At N:\Projects_\at-work\Multiple DB Backup and Drop\Multiple DB Backups.ps1:6 char:11
                              + $DBNames|%{
                              +           ~
                              Missing closing '}' in statement block.


ErrorRecord                 : At N:\Projects_\at-work\Multiple DB Backup and Drop\Multiple DB Backups.ps1:6 char:11
                              + $DBNames|%{
                              +           ~
                              Missing closing '}' in statement block.


StackTrace                  :    at System.Management.Automation.ScriptBlock.Create(Parser parser, String fileName, String fileContents)
                                 at System.Management.Automation.ExternalScriptInfo.get_ScriptBlock()
                                 at System.Management.Automation.CommandDiscovery.CreateCommandProcessorForScript(ExternalScriptInfo scriptInfo, ExecutionContext context, Boolean useNewScope,
                              SessionStateInternal sessionState)
                                 at System.Management.Automation.CommandDiscovery.CreateScriptProcessorForSingleShell(ExternalScriptInfo scriptInfo, ExecutionContext context, Boolean
                              useLocalScope, SessionStateInternal sessionState)
                                 at System.Management.Automation.CommandDiscovery.LookupCommandProcessor(CommandInfo commandInfo, CommandOrigin commandOrigin, Nullable`1 useLocalScope,
                              SessionStateInternal sessionState)
                                 at System.Management.Automation.CommandDiscovery.LookupCommandProcessor(String commandName, CommandOrigin commandOrigin, Nullable`1 useLocalScope)
                                 at System.Management.Automation.Runspaces.Command.CreateCommandProcessor(ExecutionContext executionContext, CommandFactory commandFactory, Boolean
                              addToHistory, CommandOrigin origin)
                                 at System.Management.Automation.Runspaces.LocalPipeline.CreatePipelineProcessor()
                                 at System.Management.Automation.Runspaces.LocalPipeline.InvokeHelper()
                                 at System.Management.Automation.Runspaces.LocalPipeline.InvokeThreadProc()
WasThrownFromThrowStatement : False
Data                        : {}
InnerException              :
TargetSite                  : System.Management.Automation.ScriptBlock Create(System.Management.Automation.Language.Parser, System.String, System.String)
HelpLink                    :
Source                      : System.Management.Automation
HResult                     : -2146233087



Backed up Hub (Tfhlbdmsql07) to \\pfs02\sqlbackup\Tfhlbdmsql07\SQL\Hub_2018-04-26-104729_PSMAN_techbb.bak
2018-04-26T10:59:15.6020965-05:00 Backup of database for Hub completed successfully.
Removed all previous backups older than 8 days
Have a Nice Day!
HubPersistent is being backedup
Checking Drive Space...
There's 654.97 GB (32.75 %) free on \\fhlbdm.com\sqlbackup\sqlbackup
2018-04-26T11:11:16.6692717-05:00 Error during executing backup of database HubPersistent on database source server Tfhlbdmsql07:  Exception calling "SqlBackup" with "1" argument(s): "Backup fa
iled for Server 'Tfhlbdmsql07'. "
Removed all previous backups older than 8 days
Have a Nice Day!
Transcript stopped, output file is C:\db_mgmt\log\psman\LastBackup.log
Checking Drive Space...
There's 591.66 GB (29.58 %) free on \\fhlbdm.com\sqlbackup\sqlbackup


Exception             : System.Management.Automation.MethodInvocationException: Exception
                        calling "SqlBackup" with "1" argument(s): "Backup failed for
                        Server 'Tfhlbdmsql07'. " --->
                        Microsoft.SqlServer.Management.Smo.FailedOperationException:
                        Backup failed for Server 'Tfhlbdmsql07'.  --->
                        Microsoft.SqlServer.Management.Smo.SmoException:
                        System.Data.SqlClient.SqlError: Write on "\\pfs02\sqlbackup\Tfhlbd
                        msql07\SQL\HubPersistent_2018-04-26-105958_PSMAN_techbb.bak"
                        failed: 53(The network path was not found.)
                           at Microsoft.SqlServer.Management.Smo.ExecutionManager.ExecuteN
                        onQueryWithMessage(StringCollection queries,
                        ServerMessageEventHandler dbccMessageHandler, Boolean
                        errorsAsMessages, Boolean retry)
                           at Microsoft.SqlServer.Management.Smo.BackupRestoreBase.Execute
                        Sql(Server server, StringCollection queries)
                           at Microsoft.SqlServer.Management.Smo.Backup.SqlBackup(Server
                        srv)
                           --- End of inner exception stack trace ---
                           at Microsoft.SqlServer.Management.Smo.Backup.SqlBackup(Server
                        srv)
                           at CallSite.Target(Closure , CallSite , Object , Object )
                           --- End of inner exception stack trace ---
                           at System.Management.Automation.ExceptionHandlingOps.CheckActio
                        nPreference(FunctionContext funcContext, Exception exception)
                           at System.Management.Automation.Interpreter.ActionCallInstructi
                        on`2.Run(InterpretedFrame frame)
                           at System.Management.Automation.Interpreter.EnterTryCatchFinall
                        yInstruction.Run(InterpretedFrame frame)
                           at System.Management.Automation.Interpreter.EnterTryCatchFinall
                        yInstruction.Run(InterpretedFrame frame)
TargetObject          :
CategoryInfo          : NotSpecified: (:) [], MethodInvocationException
FullyQualifiedErrorId : FailedOperationException
ErrorDetails          :
InvocationInfo        : System.Management.Automation.InvocationInfo
ScriptStackTrace      : at <ScriptBlock>, N:\Projects_\at-work\Multiple DB Backup and
                        Drop\BACKUPDB1-FC.ps1: line 85
                        at <ScriptBlock>, N:\Projects_\at-work\Multiple DB Backup and
                        Drop\Multiple DB Backups.ps1: line 8
                        at <ScriptBlock>, N:\Projects_\at-work\Multiple DB Backup and
                        Drop\Multiple DB Backups.ps1: line 6
PipelineIterationInfo : {}
PSMessageDetails      :



Backed up HubPersistent (Tfhlbdmsql07) to \\pfs02\sqlbackup\Tfhlbdmsql07\SQL\HubPersistent
_2018-04-26-111840_PSMAN_techbb.bak
2018-04-26T11:34:57.1534950-05:00 Backup of database for HubPersistent completed successfully.
Removed all previous backups older than 8 days
Have a Nice Day!
